  [1m[36m (95.2ms)[0m  [1mCREATE TABLE "schema_migrations" ("version" character varying NOT NULL) [0m
  [1m[35m (8.6ms)[0m  CREATE UNIQUE INDEX  "unique_schema_migrations" ON "schema_migrations"  ("version")
  [1m[36mActiveRecord::SchemaMigration Load (0.3ms)[0m  [1mSELECT "schema_migrations".* FROM "schema_migrations"[0m
Migrating to CreateWidgets (20140707111715)
  [1m[35m (0.1ms)[0m  BEGIN
DEPRECATION WARNING: `#timestamps` was called without specifying an option for `null`. In Rails 5, this behavior will change to `null: false`. You should manually specify `null: true` to prevent the behavior of your existing migrations from changing. (called from block in change at /home/cmpt276/_git/lumohacks/db/migrate/20140707111715_create_widgets.rb:8)
  [1m[36m (8.7ms)[0m  [1mCREATE TABLE "widgets" ("id" serial primary key, "name" character varying, "description" text, "stock" integer, "created_at" timestamp, "updated_at" timestamp) [0m
  [1m[35mSQL (13.4ms)[0m  INSERT INTO "schema_migrations" ("version") VALUES ($1)  [["version", "20140707111715"]]
  [1m[36m (2.5ms)[0m  [1mCOMMIT[0m
  [1m[35mActiveRecord::SchemaMigration Load (0.2ms)[0m  SELECT "schema_migrations".* FROM "schema_migrations"
  [1m[36m (3.7ms)[0m  [1mSELECT t2.oid::regclass::text AS to_table, a1.attname AS column, a2.attname AS primary_key, c.conname AS name, c.confupdtype AS on_update, c.confdeltype AS on_delete
FROM pg_constraint c
JOIN pg_class t1 ON c.conrelid = t1.oid
JOIN pg_class t2 ON c.confrelid = t2.oid
JOIN pg_attribute a1 ON a1.attnum = c.conkey[1] AND a1.attrelid = t1.oid
JOIN pg_attribute a2 ON a2.attnum = c.confkey[1] AND a2.attrelid = t2.oid
JOIN pg_namespace t3 ON c.connamespace = t3.oid
WHERE c.contype = 'f'
  AND t1.relname = 'widgets'
  AND t3.nspname = ANY (current_schemas(false))
ORDER BY c.conname
[0m


Started GET "/" for 127.0.0.1 at 2016-09-17 17:54:45 -0700
  [1m[36mActiveRecord::SchemaMigration Load (0.5ms)[0m  [1mSELECT "schema_migrations".* FROM "schema_migrations"[0m
Processing by WelcomeController#index as HTML
  Rendered welcome/index.erb within layouts/application (1789.0ms)
Completed 200 OK in 1972ms (Views: 1948.5ms | ActiveRecord: 0.0ms)


Started GET "/assets/jquery.self-4c7649dd655c61cb850cfd2e71f937c3bbf3e3a752a3499ed8bb9884473fe1dd.js?body=1" for 127.0.0.1 at 2016-09-17 17:54:47 -0700


Started GET "/assets/jquery_ujs.self-6ab23e892e77da88e18858a9137d4243a9f157d7c8457bfd489a4f931e6df840.js?body=1" for 127.0.0.1 at 2016-09-17 17:54:47 -0700


Started GET "/assets/turbolinks.self-b4cb65f20a705cd6b0800a76ad18f9582fa65d4484a04784e70b6a14ea06b96e.js?body=1" for 127.0.0.1 at 2016-09-17 17:54:47 -0700


Started GET "/assets/application.self-85a3df08aab34bc6a22c0cf18bd349b5a3fda5edca3e6dead5e0390446173b12.js?body=1" for 127.0.0.1 at 2016-09-17 17:54:47 -0700


Started GET "/assets/scaffolds.self-e3b0c44298fc1c149afbf4c8996fb92427ae41e4649b934ca495991b7852b855.css?body=1" for 127.0.0.1 at 2016-09-17 17:54:47 -0700


Started GET "/assets/theme.self-57335d2db2234648d97afaad9cc52b6acdee0c1393f4d2b050cdd5d1b80bb174.css?body=1" for 127.0.0.1 at 2016-09-17 17:54:47 -0700


Started GET "/assets/welcome.self-e3b0c44298fc1c149afbf4c8996fb92427ae41e4649b934ca495991b7852b855.css?body=1" for 127.0.0.1 at 2016-09-17 17:54:47 -0700


Started GET "/assets/widgets.self-e3b0c44298fc1c149afbf4c8996fb92427ae41e4649b934ca495991b7852b855.css?body=1" for 127.0.0.1 at 2016-09-17 17:54:47 -0700


Started GET "/assets/application.self-565a90fd247bd9ef75cf5f71be1e11e37c3ad80695d8bdfb331fe844afbe0a9e.css?body=1" for 127.0.0.1 at 2016-09-17 17:54:47 -0700


Started GET "/assets/widgets.self-877aef30ae1b040ab8a3aba4e3e309a11d7f2612f44dde450b5c157aa5f95c05.js?body=1" for 127.0.0.1 at 2016-09-17 17:54:48 -0700
  [1m[36mActiveRecord::SchemaMigration Load (2.2ms)[0m  [1mSELECT "schema_migrations".* FROM "schema_migrations"[0m


Started GET "/assets/welcome.self-877aef30ae1b040ab8a3aba4e3e309a11d7f2612f44dde450b5c157aa5f95c05.js?body=1" for 127.0.0.1 at 2016-09-17 17:54:48 -0700


Started GET "/assets/lang-logo-975635515a3eba8a4dbe12956ddcce29610bf587eba6f72c1a66e6a4c97dce44.png" for 127.0.0.1 at 2016-09-17 17:54:48 -0700


Started GET "/widgets" for 127.0.0.1 at 2016-09-17 17:55:29 -0700
Processing by WidgetsController#index as HTML
  [1m[35mWidget Load (15.0ms)[0m  SELECT "widgets".* FROM "widgets"
  Rendered widgets/index.html.erb within layouts/application (23.5ms)
Completed 200 OK in 143ms (Views: 99.5ms | ActiveRecord: 15.8ms)


Started GET "/widgets/new" for 127.0.0.1 at 2016-09-17 17:55:32 -0700
Processing by WidgetsController#new as HTML
  Rendered widgets/_form.html.erb (140.9ms)
  Rendered widgets/new.html.erb within layouts/application (179.3ms)
Completed 200 OK in 215ms (Views: 199.9ms | ActiveRecord: 6.8ms)
DEPRECATION WARNING: Defining a route where `to` is a controller without an action is deprecated. Please change `to: 'static_pages/home'` to `controller: 'static_pages/home'`. (called from block in <top (required)> at /home/cmpt276/_git/lumohacks/config/routes.rb:2)
DEPRECATION WARNING: Defining a route where `to` is a controller without an action is deprecated. Please change `to: 'static_pages/home'` to `controller: 'static_pages/home'`. (called from block in <top (required)> at /home/cmpt276/_git/lumohacks/config/routes.rb:4)
DEPRECATION WARNING: Defining a route where `to` is a controller without an action is deprecated. Please change `to: 'static_pages/home'` to `controller: 'static_pages/home'`. (called from block in <top (required)> at /home/cmpt276/_git/lumohacks/config/routes.rb:2)


Started GET "/" for 127.0.0.1 at 2016-09-18 02:44:00 -0700
  [1m[36mActiveRecord::SchemaMigration Load (88.4ms)[0m  [1mSELECT "schema_migrations".* FROM "schema_migrations"[0m
Processing by WelcomeController#index as HTML
  Rendered welcome/index.erb within layouts/application (989.6ms)
Completed 200 OK in 1156ms (Views: 1135.0ms | ActiveRecord: 0.0ms)


Started GET "/assets/jquery.self-4c7649dd655c61cb850cfd2e71f937c3bbf3e3a752a3499ed8bb9884473fe1dd.js?body=1" for 127.0.0.1 at 2016-09-18 02:44:02 -0700


Started GET "/assets/application.self-85a3df08aab34bc6a22c0cf18bd349b5a3fda5edca3e6dead5e0390446173b12.js?body=1" for 127.0.0.1 at 2016-09-18 02:44:02 -0700


Started GET "/assets/scaffolds.self-e3b0c44298fc1c149afbf4c8996fb92427ae41e4649b934ca495991b7852b855.css?body=1" for 127.0.0.1 at 2016-09-18 02:44:02 -0700


Started GET "/assets/static_pages.self-e3b0c44298fc1c149afbf4c8996fb92427ae41e4649b934ca495991b7852b855.css?body=1" for 127.0.0.1 at 2016-09-18 02:44:02 -0700


Started GET "/assets/theme.self-57335d2db2234648d97afaad9cc52b6acdee0c1393f4d2b050cdd5d1b80bb174.css?body=1" for 127.0.0.1 at 2016-09-18 02:44:02 -0700


Started GET "/assets/welcome.self-e3b0c44298fc1c149afbf4c8996fb92427ae41e4649b934ca495991b7852b855.css?body=1" for 127.0.0.1 at 2016-09-18 02:44:02 -0700


Started GET "/assets/widgets.self-e3b0c44298fc1c149afbf4c8996fb92427ae41e4649b934ca495991b7852b855.css?body=1" for 127.0.0.1 at 2016-09-18 02:44:03 -0700


Started GET "/assets/application.self-565a90fd247bd9ef75cf5f71be1e11e37c3ad80695d8bdfb331fe844afbe0a9e.css?body=1" for 127.0.0.1 at 2016-09-18 02:44:03 -0700


Started GET "/assets/turbolinks.self-b4cb65f20a705cd6b0800a76ad18f9582fa65d4484a04784e70b6a14ea06b96e.js?body=1" for 127.0.0.1 at 2016-09-18 02:44:03 -0700
  [1m[36mActiveRecord::SchemaMigration Load (0.2ms)[0m  [1mSELECT "schema_migrations".* FROM "schema_migrations"[0m


Started GET "/assets/static_pages.self-877aef30ae1b040ab8a3aba4e3e309a11d7f2612f44dde450b5c157aa5f95c05.js?body=1" for 127.0.0.1 at 2016-09-18 02:44:03 -0700


Started GET "/assets/welcome.self-877aef30ae1b040ab8a3aba4e3e309a11d7f2612f44dde450b5c157aa5f95c05.js?body=1" for 127.0.0.1 at 2016-09-18 02:44:03 -0700


Started GET "/assets/widgets.self-877aef30ae1b040ab8a3aba4e3e309a11d7f2612f44dde450b5c157aa5f95c05.js?body=1" for 127.0.0.1 at 2016-09-18 02:44:03 -0700


Started GET "/assets/jquery_ujs.self-6ab23e892e77da88e18858a9137d4243a9f157d7c8457bfd489a4f931e6df840.js?body=1" for 127.0.0.1 at 2016-09-18 02:44:03 -0700


Started GET "/assets/lang-logo-975635515a3eba8a4dbe12956ddcce29610bf587eba6f72c1a66e6a4c97dce44.png" for 127.0.0.1 at 2016-09-18 02:44:03 -0700


Started GET "/staticPages/home" for 127.0.0.1 at 2016-09-18 02:44:14 -0700

ActionController::RoutingError (No route matches [GET] "/staticPages/home"):
  actionpack (4.2.3) lib/action_dispatch/middleware/debug_exceptions.rb:21:in `call'
  actionpack (4.2.3) lib/action_dispatch/middleware/show_exceptions.rb:30:in `call'
  railties (4.2.3) lib/rails/rack/logger.rb:38:in `call_app'
  railties (4.2.3) lib/rails/rack/logger.rb:20:in `block in call'
  activesupport (4.2.3) lib/active_support/tagged_logging.rb:68:in `block in tagged'
  activesupport (4.2.3) lib/active_support/tagged_logging.rb:26:in `tagged'
  activesupport (4.2.3) lib/active_support/tagged_logging.rb:68:in `tagged'
  railties (4.2.3) lib/rails/rack/logger.rb:20:in `call'
  actionpack (4.2.3) lib/action_dispatch/middleware/request_id.rb:21:in `call'
  rack (1.6.4) lib/rack/methodoverride.rb:22:in `call'
  rack (1.6.4) lib/rack/runtime.rb:18:in `call'
  activesupport (4.2.3) lib/active_support/cache/strategy/local_cache_middleware.rb:28:in `call'
  rack (1.6.4) lib/rack/lock.rb:17:in `call'
  actionpack (4.2.3) lib/action_dispatch/middleware/static.rb:116:in `call'
  rack (1.6.4) lib/rack/sendfile.rb:113:in `call'
  railties (4.2.3) lib/rails/engine.rb:518:in `call'
  railties (4.2.3) lib/rails/application.rb:165:in `call'
  puma (2.9.1) lib/puma/rack_patch.rb:13:in `call'
  puma (2.9.1) lib/puma/configuration.rb:71:in `call'
  puma (2.9.1) lib/puma/server.rb:490:in `handle_request'
  puma (2.9.1) lib/puma/server.rb:361:in `process_client'
  puma (2.9.1) lib/puma/server.rb:254:in `block in run'
  puma (2.9.1) lib/puma/thread_pool.rb:92:in `call'
  puma (2.9.1) lib/puma/thread_pool.rb:92:in `block in spawn_thread'


  Rendered /var/lib/gems/2.2.0/gems/actionpack-4.2.3/lib/action_dispatch/middleware/templates/rescues/_trace.html.erb (1.9ms)
  Rendered /var/lib/gems/2.2.0/gems/actionpack-4.2.3/lib/action_dispatch/middleware/templates/routes/_route.html.erb (2.1ms)
  Rendered /var/lib/gems/2.2.0/gems/actionpack-4.2.3/lib/action_dispatch/middleware/templates/routes/_table.html.erb (36.6ms)
  Rendered /var/lib/gems/2.2.0/gems/actionpack-4.2.3/lib/action_dispatch/middleware/templates/rescues/_request_and_response.html.erb (3.0ms)
  Rendered /var/lib/gems/2.2.0/gems/actionpack-4.2.3/lib/action_dispatch/middleware/templates/rescues/routing_error.html.erb within rescues/layout (104.9ms)


Started GET "/static_pages/home" for 127.0.0.1 at 2016-09-18 02:44:44 -0700
Processing by StaticPagesController#home as HTML
  Rendered static_pages/home.html.erb within layouts/application (0.3ms)
Completed 200 OK in 47ms (Views: 46.3ms | ActiveRecord: 0.0ms)
DEPRECATION WARNING: Defining a route where `to` is a controller without an action is deprecated. Please change `to: 'static_pages/home'` to `controller: 'static_pages/home'`. (called from block in <top (required)> at /home/cmpt276/_git/lumohacks/config/routes.rb:2)
DEPRECATION WARNING: Defining a route where `to` is a controller without an action is deprecated. Please change `to: 'static_pages/home'` to `controller: 'static_pages/home'`. (called from block in <top (required)> at /home/cmpt276/_git/lumohacks/config/routes.rb:2)
DEPRECATION WARNING: Defining a route where `to` is a controller without an action is deprecated. Please change `to: 'home'` to `controller: 'home'`. (called from block in <top (required)> at /home/cmpt276/_git/lumohacks/config/routes.rb:2)
  [1m[36mActiveRecord::SchemaMigration Load (0.4ms)[0m  [1mSELECT "schema_migrations".* FROM "schema_migrations"[0m
Migrating to CreateUsers (20160918095149)
  [1m[35m (5.9ms)[0m  BEGIN
  [1m[36m (492.3ms)[0m  [1mCREATE TABLE "users" ("id" serial primary key, "username" character varying, "email" character varying, "created_at" timestamp NOT NULL, "updated_at" timestamp NOT NULL) [0m
  [1m[35mSQL (0.3ms)[0m  INSERT INTO "schema_migrations" ("version") VALUES ($1)  [["version", "20160918095149"]]
  [1m[36m (17.2ms)[0m  [1mCOMMIT[0m
  [1m[35mActiveRecord::SchemaMigration Load (0.1ms)[0m  SELECT "schema_migrations".* FROM "schema_migrations"
  [1m[36m (8.0ms)[0m  [1mSELECT t2.oid::regclass::text AS to_table, a1.attname AS column, a2.attname AS primary_key, c.conname AS name, c.confupdtype AS on_update, c.confdeltype AS on_delete
FROM pg_constraint c
JOIN pg_class t1 ON c.conrelid = t1.oid
JOIN pg_class t2 ON c.confrelid = t2.oid
JOIN pg_attribute a1 ON a1.attnum = c.conkey[1] AND a1.attrelid = t1.oid
JOIN pg_attribute a2 ON a2.attnum = c.confkey[1] AND a2.attrelid = t2.oid
JOIN pg_namespace t3 ON c.connamespace = t3.oid
WHERE c.contype = 'f'
  AND t1.relname = 'users'
  AND t3.nspname = ANY (current_schemas(false))
ORDER BY c.conname
[0m
  [1m[35m (9.1ms)[0m  SELECT t2.oid::regclass::text AS to_table, a1.attname AS column, a2.attname AS primary_key, c.conname AS name, c.confupdtype AS on_update, c.confdeltype AS on_delete
FROM pg_constraint c
JOIN pg_class t1 ON c.conrelid = t1.oid
JOIN pg_class t2 ON c.confrelid = t2.oid
JOIN pg_attribute a1 ON a1.attnum = c.conkey[1] AND a1.attrelid = t1.oid
JOIN pg_attribute a2 ON a2.attnum = c.confkey[1] AND a2.attrelid = t2.oid
JOIN pg_namespace t3 ON c.connamespace = t3.oid
WHERE c.contype = 'f'
  AND t1.relname = 'widgets'
  AND t3.nspname = ANY (current_schemas(false))
ORDER BY c.conname

  [1m[36mActiveRecord::SchemaMigration Load (0.2ms)[0m  [1mSELECT "schema_migrations".* FROM "schema_migrations"[0m
Migrating to AddIndexToUsersEmail (20160918095611)
  [1m[35m (0.1ms)[0m  BEGIN
  [1m[36m (8.6ms)[0m  [1mCREATE UNIQUE INDEX  "index_users_on_email" ON "users"  ("email")[0m
  [1m[35mSQL (0.1ms)[0m  INSERT INTO "schema_migrations" ("version") VALUES ($1)  [["version", "20160918095611"]]
  [1m[36m (78.8ms)[0m  [1mCOMMIT[0m
  [1m[35mActiveRecord::SchemaMigration Load (0.1ms)[0m  SELECT "schema_migrations".* FROM "schema_migrations"
  [1m[36m (2.2ms)[0m  [1mSELECT t2.oid::regclass::text AS to_table, a1.attname AS column, a2.attname AS primary_key, c.conname AS name, c.confupdtype AS on_update, c.confdeltype AS on_delete
FROM pg_constraint c
JOIN pg_class t1 ON c.conrelid = t1.oid
JOIN pg_class t2 ON c.confrelid = t2.oid
JOIN pg_attribute a1 ON a1.attnum = c.conkey[1] AND a1.attrelid = t1.oid
JOIN pg_attribute a2 ON a2.attnum = c.confkey[1] AND a2.attrelid = t2.oid
JOIN pg_namespace t3 ON c.connamespace = t3.oid
WHERE c.contype = 'f'
  AND t1.relname = 'users'
  AND t3.nspname = ANY (current_schemas(false))
ORDER BY c.conname
[0m
  [1m[35m (2.1ms)[0m  SELECT t2.oid::regclass::text AS to_table, a1.attname AS column, a2.attname AS primary_key, c.conname AS name, c.confupdtype AS on_update, c.confdeltype AS on_delete
FROM pg_constraint c
JOIN pg_class t1 ON c.conrelid = t1.oid
JOIN pg_class t2 ON c.confrelid = t2.oid
JOIN pg_attribute a1 ON a1.attnum = c.conkey[1] AND a1.attrelid = t1.oid
JOIN pg_attribute a2 ON a2.attnum = c.confkey[1] AND a2.attrelid = t2.oid
JOIN pg_namespace t3 ON c.connamespace = t3.oid
WHERE c.contype = 'f'
  AND t1.relname = 'widgets'
  AND t3.nspname = ANY (current_schemas(false))
ORDER BY c.conname

  [1m[36mActiveRecord::SchemaMigration Load (0.2ms)[0m  [1mSELECT "schema_migrations".* FROM "schema_migrations"[0m
Migrating to AddPasswordDigestToUsers (20160918095853)
  [1m[35m (0.1ms)[0m  BEGIN
  [1m[36m (36.8ms)[0m  [1mALTER TABLE "users" ADD "password_digest" character varying[0m
  [1m[35mSQL (0.5ms)[0m  INSERT INTO "schema_migrations" ("version") VALUES ($1)  [["version", "20160918095853"]]
  [1m[36m (72.1ms)[0m  [1mCOMMIT[0m
  [1m[35mActiveRecord::SchemaMigration Load (0.2ms)[0m  SELECT "schema_migrations".* FROM "schema_migrations"
  [1m[36m (2.2ms)[0m  [1mSELECT t2.oid::regclass::text AS to_table, a1.attname AS column, a2.attname AS primary_key, c.conname AS name, c.confupdtype AS on_update, c.confdeltype AS on_delete
FROM pg_constraint c
JOIN pg_class t1 ON c.conrelid = t1.oid
JOIN pg_class t2 ON c.confrelid = t2.oid
JOIN pg_attribute a1 ON a1.attnum = c.conkey[1] AND a1.attrelid = t1.oid
JOIN pg_attribute a2 ON a2.attnum = c.confkey[1] AND a2.attrelid = t2.oid
JOIN pg_namespace t3 ON c.connamespace = t3.oid
WHERE c.contype = 'f'
  AND t1.relname = 'users'
  AND t3.nspname = ANY (current_schemas(false))
ORDER BY c.conname
[0m
  [1m[35m (2.0ms)[0m  SELECT t2.oid::regclass::text AS to_table, a1.attname AS column, a2.attname AS primary_key, c.conname AS name, c.confupdtype AS on_update, c.confdeltype AS on_delete
FROM pg_constraint c
JOIN pg_class t1 ON c.conrelid = t1.oid
JOIN pg_class t2 ON c.confrelid = t2.oid
JOIN pg_attribute a1 ON a1.attnum = c.conkey[1] AND a1.attrelid = t1.oid
JOIN pg_attribute a2 ON a2.attnum = c.confkey[1] AND a2.attrelid = t2.oid
JOIN pg_namespace t3 ON c.connamespace = t3.oid
WHERE c.contype = 'f'
  AND t1.relname = 'widgets'
  AND t3.nspname = ANY (current_schemas(false))
ORDER BY c.conname

  [1m[36mActiveRecord::SchemaMigration Load (0.2ms)[0m  [1mSELECT "schema_migrations".* FROM "schema_migrations"[0m
  [1m[35mActiveRecord::SchemaMigration Load (0.1ms)[0m  SELECT "schema_migrations".* FROM "schema_migrations"
  [1m[36m (2.2ms)[0m  [1mSELECT t2.oid::regclass::text AS to_table, a1.attname AS column, a2.attname AS primary_key, c.conname AS name, c.confupdtype AS on_update, c.confdeltype AS on_delete
FROM pg_constraint c
JOIN pg_class t1 ON c.conrelid = t1.oid
JOIN pg_class t2 ON c.confrelid = t2.oid
JOIN pg_attribute a1 ON a1.attnum = c.conkey[1] AND a1.attrelid = t1.oid
JOIN pg_attribute a2 ON a2.attnum = c.confkey[1] AND a2.attrelid = t2.oid
JOIN pg_namespace t3 ON c.connamespace = t3.oid
WHERE c.contype = 'f'
  AND t1.relname = 'users'
  AND t3.nspname = ANY (current_schemas(false))
ORDER BY c.conname
[0m
  [1m[35m (1.9ms)[0m  SELECT t2.oid::regclass::text AS to_table, a1.attname AS column, a2.attname AS primary_key, c.conname AS name, c.confupdtype AS on_update, c.confdeltype AS on_delete
FROM pg_constraint c
JOIN pg_class t1 ON c.conrelid = t1.oid
JOIN pg_class t2 ON c.confrelid = t2.oid
JOIN pg_attribute a1 ON a1.attnum = c.conkey[1] AND a1.attrelid = t1.oid
JOIN pg_attribute a2 ON a2.attnum = c.confkey[1] AND a2.attrelid = t2.oid
JOIN pg_namespace t3 ON c.connamespace = t3.oid
WHERE c.contype = 'f'
  AND t1.relname = 'widgets'
  AND t3.nspname = ANY (current_schemas(false))
ORDER BY c.conname

  [1m[36mActiveRecord::SchemaMigration Load (0.2ms)[0m  [1mSELECT "schema_migrations".* FROM "schema_migrations"[0m
  [1m[35mActiveRecord::SchemaMigration Load (0.1ms)[0m  SELECT "schema_migrations".* FROM "schema_migrations"
  [1m[36m (2.2ms)[0m  [1mSELECT t2.oid::regclass::text AS to_table, a1.attname AS column, a2.attname AS primary_key, c.conname AS name, c.confupdtype AS on_update, c.confdeltype AS on_delete
FROM pg_constraint c
JOIN pg_class t1 ON c.conrelid = t1.oid
JOIN pg_class t2 ON c.confrelid = t2.oid
JOIN pg_attribute a1 ON a1.attnum = c.conkey[1] AND a1.attrelid = t1.oid
JOIN pg_attribute a2 ON a2.attnum = c.confkey[1] AND a2.attrelid = t2.oid
JOIN pg_namespace t3 ON c.connamespace = t3.oid
WHERE c.contype = 'f'
  AND t1.relname = 'users'
  AND t3.nspname = ANY (current_schemas(false))
ORDER BY c.conname
[0m
  [1m[35m (2.0ms)[0m  SELECT t2.oid::regclass::text AS to_table, a1.attname AS column, a2.attname AS primary_key, c.conname AS name, c.confupdtype AS on_update, c.confdeltype AS on_delete
FROM pg_constraint c
JOIN pg_class t1 ON c.conrelid = t1.oid
JOIN pg_class t2 ON c.confrelid = t2.oid
JOIN pg_attribute a1 ON a1.attnum = c.conkey[1] AND a1.attrelid = t1.oid
JOIN pg_attribute a2 ON a2.attnum = c.confkey[1] AND a2.attrelid = t2.oid
JOIN pg_namespace t3 ON c.connamespace = t3.oid
WHERE c.contype = 'f'
  AND t1.relname = 'widgets'
  AND t3.nspname = ANY (current_schemas(false))
ORDER BY c.conname

  [1m[36mActiveRecord::SchemaMigration Load (0.2ms)[0m  [1mSELECT "schema_migrations".* FROM "schema_migrations"[0m
  [1m[36mActiveRecord::SchemaMigration Load (0.2ms)[0m  [1mSELECT "schema_migrations".* FROM "schema_migrations"[0m
  [1m[35m (0.1ms)[0m  BEGIN
  [1m[36mUser Exists (1.4ms)[0m  [1mSELECT  1 AS one FROM "users" WHERE LOWER("users"."username") = LOWER('admin') LIMIT 1[0m
  [1m[35mUser Exists (0.3ms)[0m  SELECT  1 AS one FROM "users" WHERE LOWER("users"."email") = LOWER('admin@gmail.com') LIMIT 1
  [1m[36mSQL (24.5ms)[0m  [1mINSERT INTO "users" ("username", "email", "password_digest", "created_at", "updated_at") VALUES ($1, $2, $3, $4, $5) RETURNING "id"[0m  [["username", "admin"], ["email", "admin@gmail.com"], ["password_digest", "$2a$10$NoFZRiYpw7iqv/7.ExJaROAiNjX40dcrhWsk6fZHZsXo3K47FJeGW"], ["created_at", "2016-09-18 10:32:44.094829"], ["updated_at", "2016-09-18 10:32:44.094829"]]
  [1m[35m (1.4ms)[0m  COMMIT


Started GET "/" for 127.0.0.1 at 2016-09-18 03:35:03 -0700
  [1m[36mActiveRecord::SchemaMigration Load (0.3ms)[0m  [1mSELECT "schema_migrations".* FROM "schema_migrations"[0m
Processing by WelcomeController#index as HTML
  Rendered welcome/index.erb within layouts/application (495.9ms)
Completed 200 OK in 643ms (Views: 619.3ms | ActiveRecord: 0.0ms)


Started GET "/assets/sessions.self-877aef30ae1b040ab8a3aba4e3e309a11d7f2612f44dde450b5c157aa5f95c05.js?body=1" for 127.0.0.1 at 2016-09-18 03:35:04 -0700


Started GET "/assets/users.self-877aef30ae1b040ab8a3aba4e3e309a11d7f2612f44dde450b5c157aa5f95c05.js?body=1" for 127.0.0.1 at 2016-09-18 03:35:04 -0700


Started GET "/assets/sessions.self-e3b0c44298fc1c149afbf4c8996fb92427ae41e4649b934ca495991b7852b855.css?body=1" for 127.0.0.1 at 2016-09-18 03:35:04 -0700


Started GET "/assets/users.self-e3b0c44298fc1c149afbf4c8996fb92427ae41e4649b934ca495991b7852b855.css?body=1" for 127.0.0.1 at 2016-09-18 03:35:04 -0700


Started GET "/session" for 127.0.0.1 at 2016-09-18 03:35:16 -0700

ActionController::RoutingError (No route matches [GET] "/session"):
  actionpack (4.2.3) lib/action_dispatch/middleware/debug_exceptions.rb:21:in `call'
  actionpack (4.2.3) lib/action_dispatch/middleware/show_exceptions.rb:30:in `call'
  railties (4.2.3) lib/rails/rack/logger.rb:38:in `call_app'
  railties (4.2.3) lib/rails/rack/logger.rb:20:in `block in call'
  activesupport (4.2.3) lib/active_support/tagged_logging.rb:68:in `block in tagged'
  activesupport (4.2.3) lib/active_support/tagged_logging.rb:26:in `tagged'
  activesupport (4.2.3) lib/active_support/tagged_logging.rb:68:in `tagged'
  railties (4.2.3) lib/rails/rack/logger.rb:20:in `call'
  actionpack (4.2.3) lib/action_dispatch/middleware/request_id.rb:21:in `call'
  rack (1.6.4) lib/rack/methodoverride.rb:22:in `call'
  rack (1.6.4) lib/rack/runtime.rb:18:in `call'
  activesupport (4.2.3) lib/active_support/cache/strategy/local_cache_middleware.rb:28:in `call'
  rack (1.6.4) lib/rack/lock.rb:17:in `call'
  actionpack (4.2.3) lib/action_dispatch/middleware/static.rb:116:in `call'
  rack (1.6.4) lib/rack/sendfile.rb:113:in `call'
  railties (4.2.3) lib/rails/engine.rb:518:in `call'
  railties (4.2.3) lib/rails/application.rb:165:in `call'
  puma (2.9.1) lib/puma/rack_patch.rb:13:in `call'
  puma (2.9.1) lib/puma/configuration.rb:71:in `call'
  puma (2.9.1) lib/puma/server.rb:490:in `handle_request'
  puma (2.9.1) lib/puma/server.rb:361:in `process_client'
  puma (2.9.1) lib/puma/server.rb:254:in `block in run'
  puma (2.9.1) lib/puma/thread_pool.rb:92:in `call'
  puma (2.9.1) lib/puma/thread_pool.rb:92:in `block in spawn_thread'


  Rendered /var/lib/gems/2.2.0/gems/actionpack-4.2.3/lib/action_dispatch/middleware/templates/rescues/_trace.html.erb (1.9ms)
  Rendered /var/lib/gems/2.2.0/gems/actionpack-4.2.3/lib/action_dispatch/middleware/templates/routes/_route.html.erb (11.2ms)
  Rendered /var/lib/gems/2.2.0/gems/actionpack-4.2.3/lib/action_dispatch/middleware/templates/routes/_table.html.erb (41.0ms)
  Rendered /var/lib/gems/2.2.0/gems/actionpack-4.2.3/lib/action_dispatch/middleware/templates/rescues/_request_and_response.html.erb (2.9ms)
  Rendered /var/lib/gems/2.2.0/gems/actionpack-4.2.3/lib/action_dispatch/middleware/templates/rescues/routing_error.html.erb within rescues/layout (155.6ms)


Started GET "/sessions" for 127.0.0.1 at 2016-09-18 03:35:34 -0700

ActionController::RoutingError (No route matches [GET] "/sessions"):
  actionpack (4.2.3) lib/action_dispatch/middleware/debug_exceptions.rb:21:in `call'
  actionpack (4.2.3) lib/action_dispatch/middleware/show_exceptions.rb:30:in `call'
  railties (4.2.3) lib/rails/rack/logger.rb:38:in `call_app'
  railties (4.2.3) lib/rails/rack/logger.rb:20:in `block in call'
  activesupport (4.2.3) lib/active_support/tagged_logging.rb:68:in `block in tagged'
  activesupport (4.2.3) lib/active_support/tagged_logging.rb:26:in `tagged'
  activesupport (4.2.3) lib/active_support/tagged_logging.rb:68:in `tagged'
  railties (4.2.3) lib/rails/rack/logger.rb:20:in `call'
  actionpack (4.2.3) lib/action_dispatch/middleware/request_id.rb:21:in `call'
  rack (1.6.4) lib/rack/methodoverride.rb:22:in `call'
  rack (1.6.4) lib/rack/runtime.rb:18:in `call'
  activesupport (4.2.3) lib/active_support/cache/strategy/local_cache_middleware.rb:28:in `call'
  rack (1.6.4) lib/rack/lock.rb:17:in `call'
  actionpack (4.2.3) lib/action_dispatch/middleware/static.rb:116:in `call'
  rack (1.6.4) lib/rack/sendfile.rb:113:in `call'
  railties (4.2.3) lib/rails/engine.rb:518:in `call'
  railties (4.2.3) lib/rails/application.rb:165:in `call'
  puma (2.9.1) lib/puma/rack_patch.rb:13:in `call'
  puma (2.9.1) lib/puma/configuration.rb:71:in `call'
  puma (2.9.1) lib/puma/server.rb:490:in `handle_request'
  puma (2.9.1) lib/puma/server.rb:361:in `process_client'
  puma (2.9.1) lib/puma/server.rb:254:in `block in run'
  puma (2.9.1) lib/puma/thread_pool.rb:92:in `call'
  puma (2.9.1) lib/puma/thread_pool.rb:92:in `block in spawn_thread'


  Rendered /var/lib/gems/2.2.0/gems/actionpack-4.2.3/lib/action_dispatch/middleware/templates/rescues/_trace.html.erb (3.8ms)
  Rendered /var/lib/gems/2.2.0/gems/actionpack-4.2.3/lib/action_dispatch/middleware/templates/routes/_route.html.erb (5.2ms)
  Rendered /var/lib/gems/2.2.0/gems/actionpack-4.2.3/lib/action_dispatch/middleware/templates/routes/_table.html.erb (2.2ms)
  Rendered /var/lib/gems/2.2.0/gems/actionpack-4.2.3/lib/action_dispatch/middleware/templates/rescues/_request_and_response.html.erb (1.4ms)
  Rendered /var/lib/gems/2.2.0/gems/actionpack-4.2.3/lib/action_dispatch/middleware/templates/rescues/routing_error.html.erb within rescues/layout (51.6ms)


Started GET "/login" for 127.0.0.1 at 2016-09-18 03:35:47 -0700
Processing by SessionsController#new as HTML
  Rendered sessions/new.html.erb within layouts/application (0.4ms)
Completed 200 OK in 83ms (Views: 78.8ms | ActiveRecord: 0.0ms)


Started GET "/login" for 127.0.0.1 at 2016-09-18 03:36:48 -0700
Processing by SessionsController#new as HTML
  Rendered sessions/new.html.erb within layouts/application (217.0ms)
Completed 500 Internal Server Error in 222ms (ActiveRecord: 0.0ms)

ActionView::Template::Error (undefined local variable or method `signup_path' for #<#<Class:0xb47c653c>:0xb40d267c>):
    14:       <%= f.submit "Log in", class: "btn btn-primary" %>
    15:     <% end %>
    16: 
    17:     <p>New user? <%= link_to "Sign up now!", signup_path %></p>
    18:   </div>
    19: </div>
  app/views/sessions/new.html.erb:17:in `_app_views_sessions_new_html_erb___231837093__637104428'


  Rendered /var/lib/gems/2.2.0/gems/actionpack-4.2.3/lib/action_dispatch/middleware/templates/rescues/_source.erb (15.6ms)
  Rendered /var/lib/gems/2.2.0/gems/actionpack-4.2.3/lib/action_dispatch/middleware/templates/rescues/_trace.html.erb (3.1ms)
  Rendered /var/lib/gems/2.2.0/gems/actionpack-4.2.3/lib/action_dispatch/middleware/templates/rescues/_request_and_response.html.erb (1.0ms)
  Rendered /var/lib/gems/2.2.0/gems/actionpack-4.2.3/lib/action_dispatch/middleware/templates/rescues/template_error.html.erb within rescues/layout (49.1ms)


Started GET "/login" for 127.0.0.1 at 2016-09-18 03:37:09 -0700
Processing by SessionsController#new as HTML
  Rendered sessions/new.html.erb within layouts/application (1.5ms)
Completed 200 OK in 41ms (Views: 40.5ms | ActiveRecord: 0.0ms)


Started GET "/login" for 127.0.0.1 at 2016-09-18 03:39:20 -0700
Processing by SessionsController#new as HTML
  Rendered sessions/new.html.erb within layouts/application (7.1ms)
Completed 200 OK in 77ms (Views: 76.1ms | ActiveRecord: 0.0ms)


Started POST "/login" for 127.0.0.1 at 2016-09-18 03:39:46 -0700
Processing by SessionsController#create as HTML
  Parameters: {"utf8"=>"✓", "authenticity_token"=>"wN9eUDrBoTjtKogOXcyD73snp57aGd6CMIHpRvd1uWKZinCrF7VTzy/RV3S9jMTTysNlWEN904s1isPvzCTdww==", "session"=>{"email"=>"admin@gmail.com", "password"=>"[FILTERED]"}, "commit"=>"Log in"}
  [1m[35mUser Load (0.5ms)[0m  SELECT  "users".* FROM "users" WHERE "users"."email" = $1 LIMIT 1  [["email", "admin@gmail.com"]]
Redirected to http://127.0.0.1:5000/
Redirected to 
Completed 500 Internal Server Error in 201ms (ActiveRecord: 3.1ms)

AbstractController::DoubleRenderError (Render and/or redirect were called multiple times in this action. Please note that you may only call render OR redirect, and at most once per action. Also note that neither redirect nor render terminate execution of the action, so if you want to exit an action after redirecting, you need to do something like "redirect_to(...) and return".):
  app/controllers/sessions_controller.rb:9:in `create'


  Rendered /var/lib/gems/2.2.0/gems/actionpack-4.2.3/lib/action_dispatch/middleware/templates/rescues/_source.erb (7.8ms)
  Rendered /var/lib/gems/2.2.0/gems/actionpack-4.2.3/lib/action_dispatch/middleware/templates/rescues/_trace.html.erb (3.0ms)
  Rendered /var/lib/gems/2.2.0/gems/actionpack-4.2.3/lib/action_dispatch/middleware/templates/rescues/_request_and_response.html.erb (1.9ms)
  Rendered /var/lib/gems/2.2.0/gems/actionpack-4.2.3/lib/action_dispatch/middleware/templates/rescues/diagnostics.html.erb within rescues/layout (27.2ms)


Started GET "/login" for 127.0.0.1 at 2016-09-18 03:40:23 -0700
Processing by SessionsController#new as HTML
  Rendered sessions/new.html.erb within layouts/application (1.5ms)
Completed 200 OK in 38ms (Views: 37.4ms | ActiveRecord: 0.0ms)


Started POST "/login" for 127.0.0.1 at 2016-09-18 03:40:37 -0700
Processing by SessionsController#create as HTML
  Parameters: {"utf8"=>"✓", "authenticity_token"=>"2IyDRc/7OmFfwiVvNrCKwZ3IAT1/cqiskulpyQkj7UuB2a2+4o/Ilp05+hXW8M39LCzD++YWpaWX4kNgMnKJ6g==", "session"=>{"email"=>"admin@gmail.com", "password"=>"[FILTERED]"}, "commit"=>"Log in"}
  [1m[36mUser Load (0.3ms)[0m  [1mSELECT  "users".* FROM "users" WHERE "users"."email" = $1 LIMIT 1[0m  [["email", "admin@gmail.com"]]
  Rendered sessions/new.html.erb within layouts/application (0.9ms)
Completed 200 OK in 177ms (Views: 32.7ms | ActiveRecord: 1.8ms)


Started POST "/login" for 127.0.0.1 at 2016-09-18 03:40:46 -0700
Processing by SessionsController#create as HTML
  Parameters: {"utf8"=>"✓", "authenticity_token"=>"s8tAVwyhBgygtEBNHIUSVqVoCo8tGnkQNGsKffBSPG3qnm6sIdX0+2JPnzf8xVVqFIzISbR+dBkxYCDUywNYzA==", "session"=>{"email"=>"admin@gmail.com", "password"=>"[FILTERED]"}, "commit"=>"Log in"}
  [1m[35mUser Load (1.9ms)[0m  SELECT  "users".* FROM "users" WHERE "users"."email" = $1 LIMIT 1  [["email", "admin@gmail.com"]]
Redirected to http://127.0.0.1:5000/
Completed 302 Found in 129ms (ActiveRecord: 1.9ms)


Started GET "/" for 127.0.0.1 at 2016-09-18 03:40:46 -0700
Processing by WelcomeController#index as HTML
  Rendered welcome/index.erb within layouts/application (0.9ms)
Completed 200 OK in 53ms (Views: 52.1ms | ActiveRecord: 0.0ms)


Started GET "/" for 127.0.0.1 at 2016-09-18 03:48:42 -0700
  [1m[36mActiveRecord::SchemaMigration Load (0.3ms)[0m  [1mSELECT "schema_migrations".* FROM "schema_migrations"[0m
Processing by WelcomeController#index as HTML
  Rendered welcome/index.erb within layouts/application (309.9ms)
  [1m[35mUser Load (1.1ms)[0m  SELECT  "users".* FROM "users" WHERE "users"."id" = $1 LIMIT 1  [["id", 1]]
Completed 200 OK in 402ms (Views: 386.0ms | ActiveRecord: 4.2ms)


Started GET "/" for 127.0.0.1 at 2016-09-18 03:49:28 -0700
Processing by WelcomeController#index as HTML
  Rendered welcome/index.erb within layouts/application (0.9ms)
  [1m[36mUser Load (0.3ms)[0m  [1mSELECT  "users".* FROM "users" WHERE "users"."id" = $1 LIMIT 1[0m  [["id", 1]]
Completed 200 OK in 73ms (Views: 71.9ms | ActiveRecord: 0.3ms)


Started GET "/" for 127.0.0.1 at 2016-09-18 03:49:37 -0700
Processing by WelcomeController#index as HTML
  Rendered welcome/index.erb within layouts/application (2.4ms)
  [1m[35mUser Load (0.3ms)[0m  SELECT  "users".* FROM "users" WHERE "users"."id" = $1 LIMIT 1  [["id", 1]]
Completed 200 OK in 29ms (Views: 28.0ms | ActiveRecord: 0.3ms)


Started GET "/" for 127.0.0.1 at 2016-09-18 03:51:51 -0700
Processing by WelcomeController#index as HTML
  Rendered welcome/index.erb within layouts/application (0.9ms)
  [1m[36mUser Load (0.3ms)[0m  [1mSELECT  "users".* FROM "users" WHERE "users"."id" = $1 LIMIT 1[0m  [["id", 1]]
Completed 200 OK in 48ms (Views: 46.2ms | ActiveRecord: 0.3ms)


Started GET "/" for 127.0.0.1 at 2016-09-18 03:52:34 -0700
Processing by WelcomeController#index as HTML
  Rendered welcome/index.erb within layouts/application (0.8ms)
  [1m[35mUser Load (0.7ms)[0m  SELECT  "users".* FROM "users" WHERE "users"."id" = $1 LIMIT 1  [["id", 1]]
Completed 200 OK in 69ms (Views: 68.1ms | ActiveRecord: 0.7ms)
  [1m[36mActiveRecord::SchemaMigration Load (0.3ms)[0m  [1mSELECT "schema_migrations".* FROM "schema_migrations"[0m
  [1m[36mActiveRecord::SchemaMigration Load (0.3ms)[0m  [1mSELECT "schema_migrations".* FROM "schema_migrations"[0m
Migrating to CreateMaps (20160918114929)
  [1m[35m (0.1ms)[0m  BEGIN
  [1m[36m (361.2ms)[0m  [1mCREATE TABLE "maps" ("id" serial primary key, "info" character varying, "lat" float, "lng" float, "created_at" timestamp NOT NULL, "updated_at" timestamp NOT NULL) [0m
  [1m[35mSQL (0.3ms)[0m  INSERT INTO "schema_migrations" ("version") VALUES ($1)  [["version", "20160918114929"]]
  [1m[36m (14.6ms)[0m  [1mCOMMIT[0m
  [1m[35mActiveRecord::SchemaMigration Load (0.3ms)[0m  SELECT "schema_migrations".* FROM "schema_migrations"
  [1m[36m (2.6ms)[0m  [1mSELECT t2.oid::regclass::text AS to_table, a1.attname AS column, a2.attname AS primary_key, c.conname AS name, c.confupdtype AS on_update, c.confdeltype AS on_delete
FROM pg_constraint c
JOIN pg_class t1 ON c.conrelid = t1.oid
JOIN pg_class t2 ON c.confrelid = t2.oid
JOIN pg_attribute a1 ON a1.attnum = c.conkey[1] AND a1.attrelid = t1.oid
JOIN pg_attribute a2 ON a2.attnum = c.confkey[1] AND a2.attrelid = t2.oid
JOIN pg_namespace t3 ON c.connamespace = t3.oid
WHERE c.contype = 'f'
  AND t1.relname = 'maps'
  AND t3.nspname = ANY (current_schemas(false))
ORDER BY c.conname
[0m
  [1m[35m (2.2ms)[0m  SELECT t2.oid::regclass::text AS to_table, a1.attname AS column, a2.attname AS primary_key, c.conname AS name, c.confupdtype AS on_update, c.confdeltype AS on_delete
FROM pg_constraint c
JOIN pg_class t1 ON c.conrelid = t1.oid
JOIN pg_class t2 ON c.confrelid = t2.oid
JOIN pg_attribute a1 ON a1.attnum = c.conkey[1] AND a1.attrelid = t1.oid
JOIN pg_attribute a2 ON a2.attnum = c.confkey[1] AND a2.attrelid = t2.oid
JOIN pg_namespace t3 ON c.connamespace = t3.oid
WHERE c.contype = 'f'
  AND t1.relname = 'users'
  AND t3.nspname = ANY (current_schemas(false))
ORDER BY c.conname

  [1m[36m (2.1ms)[0m  [1mSELECT t2.oid::regclass::text AS to_table, a1.attname AS column, a2.attname AS primary_key, c.conname AS name, c.confupdtype AS on_update, c.confdeltype AS on_delete
FROM pg_constraint c
JOIN pg_class t1 ON c.conrelid = t1.oid
JOIN pg_class t2 ON c.confrelid = t2.oid
JOIN pg_attribute a1 ON a1.attnum = c.conkey[1] AND a1.attrelid = t1.oid
JOIN pg_attribute a2 ON a2.attnum = c.confkey[1] AND a2.attrelid = t2.oid
JOIN pg_namespace t3 ON c.connamespace = t3.oid
WHERE c.contype = 'f'
  AND t1.relname = 'widgets'
  AND t3.nspname = ANY (current_schemas(false))
ORDER BY c.conname
[0m
  [1m[36mActiveRecord::SchemaMigration Load (0.3ms)[0m  [1mSELECT "schema_migrations".* FROM "schema_migrations"[0m
  [1m[35m (0.2ms)[0m  BEGIN
  [1m[36mUser Exists (1.0ms)[0m  [1mSELECT  1 AS one FROM "users" WHERE LOWER("users"."username") = LOWER('admin') LIMIT 1[0m
  [1m[35mUser Exists (0.6ms)[0m  SELECT  1 AS one FROM "users" WHERE LOWER("users"."email") = LOWER('admin@gmail.com') LIMIT 1
  [1m[36m (0.1ms)[0m  [1mROLLBACK[0m
  [1m[35m (0.1ms)[0m  BEGIN
  [1m[36mSQL (0.6ms)[0m  [1mINSERT INTO "maps" ("info", "lat", "lng", "created_at", "updated_at") VALUES ($1, $2, $3, $4, $5) RETURNING "id"[0m  [["info", "Breast Cancer"], ["lat", 49.272342], ["lng", -123.124583], ["created_at", "2016-09-18 11:55:22.655769"], ["updated_at", "2016-09-18 11:55:22.655769"]]
  [1m[35m (2.7ms)[0m  COMMIT
  [1m[36m (0.1ms)[0m  [1mBEGIN[0m
  [1m[35mSQL (0.3ms)[0m  INSERT INTO "maps" ("info", "lat", "lng", "created_at", "updated_at") VALUES ($1, $2, $3, $4, $5) RETURNING "id"  [["info", "Blood Cancer"], ["lat", 49.165445], ["lng", -123.12279], ["created_at", "2016-09-18 11:55:22.661298"], ["updated_at", "2016-09-18 11:55:22.661298"]]
  [1m[36m (2.4ms)[0m  [1mCOMMIT[0m


Started GET "/maps" for 127.0.0.1 at 2016-09-18 04:55:37 -0700
  [1m[36mActiveRecord::SchemaMigration Load (0.3ms)[0m  [1mSELECT "schema_migrations".* FROM "schema_migrations"[0m

ActionController::RoutingError (No route matches [GET] "/maps"):
  actionpack (4.2.3) lib/action_dispatch/middleware/debug_exceptions.rb:21:in `call'
  actionpack (4.2.3) lib/action_dispatch/middleware/show_exceptions.rb:30:in `call'
  railties (4.2.3) lib/rails/rack/logger.rb:38:in `call_app'
  railties (4.2.3) lib/rails/rack/logger.rb:20:in `block in call'
  activesupport (4.2.3) lib/active_support/tagged_logging.rb:68:in `block in tagged'
  activesupport (4.2.3) lib/active_support/tagged_logging.rb:26:in `tagged'
  activesupport (4.2.3) lib/active_support/tagged_logging.rb:68:in `tagged'
  railties (4.2.3) lib/rails/rack/logger.rb:20:in `call'
  actionpack (4.2.3) lib/action_dispatch/middleware/request_id.rb:21:in `call'
  rack (1.6.4) lib/rack/methodoverride.rb:22:in `call'
  rack (1.6.4) lib/rack/runtime.rb:18:in `call'
  activesupport (4.2.3) lib/active_support/cache/strategy/local_cache_middleware.rb:28:in `call'
  rack (1.6.4) lib/rack/lock.rb:17:in `call'
  actionpack (4.2.3) lib/action_dispatch/middleware/static.rb:116:in `call'
  rack (1.6.4) lib/rack/sendfile.rb:113:in `call'
  railties (4.2.3) lib/rails/engine.rb:518:in `call'
  railties (4.2.3) lib/rails/application.rb:165:in `call'
  puma (2.9.1) lib/puma/rack_patch.rb:13:in `call'
  puma (2.9.1) lib/puma/configuration.rb:71:in `call'
  puma (2.9.1) lib/puma/server.rb:490:in `handle_request'
  puma (2.9.1) lib/puma/server.rb:361:in `process_client'
  puma (2.9.1) lib/puma/server.rb:254:in `block in run'
  puma (2.9.1) lib/puma/thread_pool.rb:92:in `call'
  puma (2.9.1) lib/puma/thread_pool.rb:92:in `block in spawn_thread'


  Rendered /var/lib/gems/2.2.0/gems/actionpack-4.2.3/lib/action_dispatch/middleware/templates/rescues/_trace.html.erb (1.7ms)
  Rendered /var/lib/gems/2.2.0/gems/actionpack-4.2.3/lib/action_dispatch/middleware/templates/routes/_route.html.erb (2.0ms)
  Rendered /var/lib/gems/2.2.0/gems/actionpack-4.2.3/lib/action_dispatch/middleware/templates/routes/_table.html.erb (25.8ms)
  Rendered /var/lib/gems/2.2.0/gems/actionpack-4.2.3/lib/action_dispatch/middleware/templates/rescues/_request_and_response.html.erb (59.7ms)
  Rendered /var/lib/gems/2.2.0/gems/actionpack-4.2.3/lib/action_dispatch/middleware/templates/rescues/routing_error.html.erb within rescues/layout (150.9ms)


Started GET "/maps/index" for 127.0.0.1 at 2016-09-18 04:55:41 -0700
Processing by MapsController#index as HTML
  [1m[35mUser Load (0.4ms)[0m  SELECT  "users".* FROM "users" WHERE "users"."id" = $1 LIMIT 1  [["id", 1]]
  Rendered maps/index.html.erb within layouts/application (94.2ms)
Completed 500 Internal Server Error in 97ms (ActiveRecord: 2.7ms)

ActionView::Template::Error (undefined method `admin?' for #<User:0xa77bb18>):
    3:   <div class="tab-content">
    4:     <div id="sidebar_container"> </div>
    5:   </div>
    6:   <% if current_user.admin? %>
    7:     <%= link_to '<span class="button-wrap"><button type="button" class="button button-pill button-longshadow-right"><i class="fa fa-plus"></i> Location </button><span>'.html_safe, new_map_path %>
    8:   <% end %>
    9: <div>
  app/views/maps/index.html.erb:6:in `_app_views_maps_index_html_erb___854360001_89691710'


  Rendered /var/lib/gems/2.2.0/gems/actionpack-4.2.3/lib/action_dispatch/middleware/templates/rescues/_source.erb (8.3ms)
  Rendered /var/lib/gems/2.2.0/gems/actionpack-4.2.3/lib/action_dispatch/middleware/templates/rescues/_trace.html.erb (2.8ms)
  Rendered /var/lib/gems/2.2.0/gems/actionpack-4.2.3/lib/action_dispatch/middleware/templates/rescues/_request_and_response.html.erb (4.4ms)
  Rendered /var/lib/gems/2.2.0/gems/actionpack-4.2.3/lib/action_dispatch/middleware/templates/rescues/template_error.html.erb within rescues/layout (41.0ms)


Started GET "/maps/index" for 127.0.0.1 at 2016-09-18 04:56:06 -0700
Processing by MapsController#index as HTML
  Rendered maps/index.html.erb within layouts/application (1.1ms)
Completed 500 Internal Server Error in 6ms (ActiveRecord: 0.0ms)

ActionView::Template::Error (undefined method `each' for nil:NilClass):
    12:     handler = Gmaps.build('Google');
    13:     handler.buildMap({ internal: {id: 'sidebar_builder'}}, function(){
    14:       var json_maps = [
    15:         <% @maps.each do |map| %>
    16:             { lat: <%= map.lat %>,
    17:               lng: <%= map.lng %>,
    18:               infowindow: "<%= map.info %>",
  app/views/maps/index.html.erb:15:in `_app_views_maps_index_html_erb___854360001_99143220'


  Rendered /var/lib/gems/2.2.0/gems/actionpack-4.2.3/lib/action_dispatch/middleware/templates/rescues/_source.erb (11.1ms)
  Rendered /var/lib/gems/2.2.0/gems/actionpack-4.2.3/lib/action_dispatch/middleware/templates/rescues/_trace.html.erb (3.8ms)
  Rendered /var/lib/gems/2.2.0/gems/actionpack-4.2.3/lib/action_dispatch/middleware/templates/rescues/_request_and_response.html.erb (1.0ms)
  Rendered /var/lib/gems/2.2.0/gems/actionpack-4.2.3/lib/action_dispatch/middleware/templates/rescues/template_error.html.erb within rescues/layout (29.7ms)


Started GET "/maps/index" for 127.0.0.1 at 2016-09-18 04:56:54 -0700
Processing by MapsController#index as HTML
  [1m[36mMap Load (0.6ms)[0m  [1mSELECT "maps".* FROM "maps"[0m
  Rendered maps/index.html.erb within layouts/application (11.6ms)
  [1m[35mUser Load (0.2ms)[0m  SELECT  "users".* FROM "users" WHERE "users"."id" = $1 LIMIT 1  [["id", 1]]
Completed 200 OK in 1471ms (Views: 1465.2ms | ActiveRecord: 3.6ms)


Started GET "/assets/maps.self-877aef30ae1b040ab8a3aba4e3e309a11d7f2612f44dde450b5c157aa5f95c05.js?body=1" for 127.0.0.1 at 2016-09-18 04:56:55 -0700


Started GET "/assets/maps.self-e3b0c44298fc1c149afbf4c8996fb92427ae41e4649b934ca495991b7852b855.css?body=1" for 127.0.0.1 at 2016-09-18 04:56:55 -0700


Started GET "/assets/van2.png" for 127.0.0.1 at 2016-09-18 04:56:55 -0700

ActionController::RoutingError (No route matches [GET] "/assets/van2.png"):
  actionpack (4.2.3) lib/action_dispatch/middleware/debug_exceptions.rb:21:in `call'
  actionpack (4.2.3) lib/action_dispatch/middleware/show_exceptions.rb:30:in `call'
  railties (4.2.3) lib/rails/rack/logger.rb:38:in `call_app'
  railties (4.2.3) lib/rails/rack/logger.rb:20:in `block in call'
  activesupport (4.2.3) lib/active_support/tagged_logging.rb:68:in `block in tagged'
  activesupport (4.2.3) lib/active_support/tagged_logging.rb:26:in `tagged'
  activesupport (4.2.3) lib/active_support/tagged_logging.rb:68:in `tagged'
  railties (4.2.3) lib/rails/rack/logger.rb:20:in `call'
  actionpack (4.2.3) lib/action_dispatch/middleware/request_id.rb:21:in `call'
  rack (1.6.4) lib/rack/methodoverride.rb:22:in `call'
  rack (1.6.4) lib/rack/runtime.rb:18:in `call'
  activesupport (4.2.3) lib/active_support/cache/strategy/local_cache_middleware.rb:28:in `call'
  rack (1.6.4) lib/rack/lock.rb:17:in `call'
  actionpack (4.2.3) lib/action_dispatch/middleware/static.rb:116:in `call'
  rack (1.6.4) lib/rack/sendfile.rb:113:in `call'
  railties (4.2.3) lib/rails/engine.rb:518:in `call'
  railties (4.2.3) lib/rails/application.rb:165:in `call'
  puma (2.9.1) lib/puma/rack_patch.rb:13:in `call'
  puma (2.9.1) lib/puma/configuration.rb:71:in `call'
  puma (2.9.1) lib/puma/server.rb:490:in `handle_request'
  puma (2.9.1) lib/puma/server.rb:361:in `process_client'
  puma (2.9.1) lib/puma/server.rb:254:in `block in run'
  puma (2.9.1) lib/puma/thread_pool.rb:92:in `call'
  puma (2.9.1) lib/puma/thread_pool.rb:92:in `block in spawn_thread'


  Rendered /var/lib/gems/2.2.0/gems/actionpack-4.2.3/lib/action_dispatch/middleware/templates/rescues/_trace.html.erb (4.1ms)
  Rendered /var/lib/gems/2.2.0/gems/actionpack-4.2.3/lib/action_dispatch/middleware/templates/routes/_route.html.erb (4.5ms)
  Rendered /var/lib/gems/2.2.0/gems/actionpack-4.2.3/lib/action_dispatch/middleware/templates/routes/_table.html.erb (5.6ms)
  Rendered /var/lib/gems/2.2.0/gems/actionpack-4.2.3/lib/action_dispatch/middleware/templates/rescues/_request_and_response.html.erb (1.9ms)
  Rendered /var/lib/gems/2.2.0/gems/actionpack-4.2.3/lib/action_dispatch/middleware/templates/rescues/routing_error.html.erb within rescues/layout (65.1ms)


Started GET "/" for 127.0.0.1 at 2016-09-18 04:57:29 -0700
Processing by WelcomeController#index as HTML
  Rendered welcome/index.erb within layouts/application (1.6ms)
  [1m[36mUser Load (0.4ms)[0m  [1mSELECT  "users".* FROM "users" WHERE "users"."id" = $1 LIMIT 1[0m  [["id", 1]]
Completed 200 OK in 97ms (Views: 95.6ms | ActiveRecord: 0.4ms)


Started GET "/maps/index" for 127.0.0.1 at 2016-09-18 04:57:53 -0700
Processing by MapsController#index as HTML
  [1m[35mMap Load (0.3ms)[0m  SELECT "maps".* FROM "maps"
  Rendered maps/index.html.erb within layouts/application (1.0ms)
  [1m[36mUser Load (10.1ms)[0m  [1mSELECT  "users".* FROM "users" WHERE "users"."id" = $1 LIMIT 1[0m  [["id", 1]]
Completed 200 OK in 88ms (Views: 76.7ms | ActiveRecord: 10.3ms)


Started GET "/assets/van2.png" for 127.0.0.1 at 2016-09-18 04:57:54 -0700

ActionController::RoutingError (No route matches [GET] "/assets/van2.png"):
  actionpack (4.2.3) lib/action_dispatch/middleware/debug_exceptions.rb:21:in `call'
  actionpack (4.2.3) lib/action_dispatch/middleware/show_exceptions.rb:30:in `call'
  railties (4.2.3) lib/rails/rack/logger.rb:38:in `call_app'
  railties (4.2.3) lib/rails/rack/logger.rb:20:in `block in call'
  activesupport (4.2.3) lib/active_support/tagged_logging.rb:68:in `block in tagged'
  activesupport (4.2.3) lib/active_support/tagged_logging.rb:26:in `tagged'
  activesupport (4.2.3) lib/active_support/tagged_logging.rb:68:in `tagged'
  railties (4.2.3) lib/rails/rack/logger.rb:20:in `call'
  actionpack (4.2.3) lib/action_dispatch/middleware/request_id.rb:21:in `call'
  rack (1.6.4) lib/rack/methodoverride.rb:22:in `call'
  rack (1.6.4) lib/rack/runtime.rb:18:in `call'
  activesupport (4.2.3) lib/active_support/cache/strategy/local_cache_middleware.rb:28:in `call'
  rack (1.6.4) lib/rack/lock.rb:17:in `call'
  actionpack (4.2.3) lib/action_dispatch/middleware/static.rb:116:in `call'
  rack (1.6.4) lib/rack/sendfile.rb:113:in `call'
  railties (4.2.3) lib/rails/engine.rb:518:in `call'
  railties (4.2.3) lib/rails/application.rb:165:in `call'
  puma (2.9.1) lib/puma/rack_patch.rb:13:in `call'
  puma (2.9.1) lib/puma/configuration.rb:71:in `call'
  puma (2.9.1) lib/puma/server.rb:490:in `handle_request'
  puma (2.9.1) lib/puma/server.rb:361:in `process_client'
  puma (2.9.1) lib/puma/server.rb:254:in `block in run'
  puma (2.9.1) lib/puma/thread_pool.rb:92:in `call'
  puma (2.9.1) lib/puma/thread_pool.rb:92:in `block in spawn_thread'


  Rendered /var/lib/gems/2.2.0/gems/actionpack-4.2.3/lib/action_dispatch/middleware/templates/rescues/_trace.html.erb (1.6ms)
  Rendered /var/lib/gems/2.2.0/gems/actionpack-4.2.3/lib/action_dispatch/middleware/templates/routes/_route.html.erb (2.2ms)
  Rendered /var/lib/gems/2.2.0/gems/actionpack-4.2.3/lib/action_dispatch/middleware/templates/routes/_table.html.erb (5.5ms)
  Rendered /var/lib/gems/2.2.0/gems/actionpack-4.2.3/lib/action_dispatch/middleware/templates/rescues/_request_and_response.html.erb (1.5ms)
  Rendered /var/lib/gems/2.2.0/gems/actionpack-4.2.3/lib/action_dispatch/middleware/templates/rescues/routing_error.html.erb within rescues/layout (85.9ms)


Started GET "/" for 127.0.0.1 at 2016-09-18 04:57:58 -0700
Processing by WelcomeController#index as HTML
  Rendered welcome/index.erb within layouts/application (5.4ms)
  [1m[35mUser Load (2.0ms)[0m  SELECT  "users".* FROM "users" WHERE "users"."id" = $1 LIMIT 1  [["id", 1]]
Completed 200 OK in 109ms (Views: 88.7ms | ActiveRecord: 2.0ms)


Started GET "/" for 127.0.0.1 at 2016-09-18 05:02:35 -0700
Processing by WelcomeController#index as HTML
  Rendered welcome/index.erb within layouts/application (0.4ms)
  [1m[36mUser Load (0.2ms)[0m  [1mSELECT  "users".* FROM "users" WHERE "users"."id" = $1 LIMIT 1[0m  [["id", 1]]
Completed 200 OK in 96ms (Views: 93.9ms | ActiveRecord: 1.8ms)


Started GET "/maps/index" for 127.0.0.1 at 2016-09-18 05:03:17 -0700
Processing by MapsController#index as HTML
  [1m[35mMap Load (0.3ms)[0m  SELECT "maps".* FROM "maps"
  Rendered maps/index.html.erb within layouts/application (18.8ms)
  [1m[36mUser Load (12.0ms)[0m  [1mSELECT  "users".* FROM "users" WHERE "users"."id" = $1 LIMIT 1[0m  [["id", 1]]
Completed 200 OK in 114ms (Views: 71.6ms | ActiveRecord: 13.3ms)


Started GET "/assets/van2.png" for 127.0.0.1 at 2016-09-18 05:03:17 -0700

ActionController::RoutingError (No route matches [GET] "/assets/van2.png"):
  actionpack (4.2.3) lib/action_dispatch/middleware/debug_exceptions.rb:21:in `call'
  actionpack (4.2.3) lib/action_dispatch/middleware/show_exceptions.rb:30:in `call'
  railties (4.2.3) lib/rails/rack/logger.rb:38:in `call_app'
  railties (4.2.3) lib/rails/rack/logger.rb:20:in `block in call'
  activesupport (4.2.3) lib/active_support/tagged_logging.rb:68:in `block in tagged'
  activesupport (4.2.3) lib/active_support/tagged_logging.rb:26:in `tagged'
  activesupport (4.2.3) lib/active_support/tagged_logging.rb:68:in `tagged'
  railties (4.2.3) lib/rails/rack/logger.rb:20:in `call'
  actionpack (4.2.3) lib/action_dispatch/middleware/request_id.rb:21:in `call'
  rack (1.6.4) lib/rack/methodoverride.rb:22:in `call'
  rack (1.6.4) lib/rack/runtime.rb:18:in `call'
  activesupport (4.2.3) lib/active_support/cache/strategy/local_cache_middleware.rb:28:in `call'
  rack (1.6.4) lib/rack/lock.rb:17:in `call'
  actionpack (4.2.3) lib/action_dispatch/middleware/static.rb:116:in `call'
  rack (1.6.4) lib/rack/sendfile.rb:113:in `call'
  railties (4.2.3) lib/rails/engine.rb:518:in `call'
  railties (4.2.3) lib/rails/application.rb:165:in `call'
  puma (2.9.1) lib/puma/rack_patch.rb:13:in `call'
  puma (2.9.1) lib/puma/configuration.rb:71:in `call'
  puma (2.9.1) lib/puma/server.rb:490:in `handle_request'
  puma (2.9.1) lib/puma/server.rb:361:in `process_client'
  puma (2.9.1) lib/puma/server.rb:254:in `block in run'
  puma (2.9.1) lib/puma/thread_pool.rb:92:in `call'
  puma (2.9.1) lib/puma/thread_pool.rb:92:in `block in spawn_thread'


  Rendered /var/lib/gems/2.2.0/gems/actionpack-4.2.3/lib/action_dispatch/middleware/templates/rescues/_trace.html.erb (1.5ms)
  Rendered /var/lib/gems/2.2.0/gems/actionpack-4.2.3/lib/action_dispatch/middleware/templates/routes/_route.html.erb (15.9ms)
  Rendered /var/lib/gems/2.2.0/gems/actionpack-4.2.3/lib/action_dispatch/middleware/templates/routes/_table.html.erb (1.4ms)
  Rendered /var/lib/gems/2.2.0/gems/actionpack-4.2.3/lib/action_dispatch/middleware/templates/rescues/_request_and_response.html.erb (3.0ms)
  Rendered /var/lib/gems/2.2.0/gems/actionpack-4.2.3/lib/action_dispatch/middleware/templates/rescues/routing_error.html.erb within rescues/layout (76.0ms)


Started GET "/" for 127.0.0.1 at 2016-09-18 05:03:25 -0700
Processing by WelcomeController#index as HTML
  Rendered welcome/index.erb within layouts/application (0.0ms)
  [1m[35mUser Load (0.3ms)[0m  SELECT  "users".* FROM "users" WHERE "users"."id" = $1 LIMIT 1  [["id", 1]]
Completed 200 OK in 100ms (Views: 99.6ms | ActiveRecord: 0.3ms)


Started GET "/maps/index" for 127.0.0.1 at 2016-09-18 05:03:32 -0700
Processing by MapsController#index as HTML
  [1m[36mMap Load (7.2ms)[0m  [1mSELECT "maps".* FROM "maps"[0m
  Rendered maps/index.html.erb within layouts/application (8.0ms)
  [1m[35mUser Load (0.2ms)[0m  SELECT  "users".* FROM "users" WHERE "users"."id" = $1 LIMIT 1  [["id", 1]]
Completed 200 OK in 72ms (Views: 63.8ms | ActiveRecord: 7.4ms)


Started GET "/assets/van2.png" for 127.0.0.1 at 2016-09-18 05:03:33 -0700

ActionController::RoutingError (No route matches [GET] "/assets/van2.png"):
  actionpack (4.2.3) lib/action_dispatch/middleware/debug_exceptions.rb:21:in `call'
  actionpack (4.2.3) lib/action_dispatch/middleware/show_exceptions.rb:30:in `call'
  railties (4.2.3) lib/rails/rack/logger.rb:38:in `call_app'
  railties (4.2.3) lib/rails/rack/logger.rb:20:in `block in call'
  activesupport (4.2.3) lib/active_support/tagged_logging.rb:68:in `block in tagged'
  activesupport (4.2.3) lib/active_support/tagged_logging.rb:26:in `tagged'
  activesupport (4.2.3) lib/active_support/tagged_logging.rb:68:in `tagged'
  railties (4.2.3) lib/rails/rack/logger.rb:20:in `call'
  actionpack (4.2.3) lib/action_dispatch/middleware/request_id.rb:21:in `call'
  rack (1.6.4) lib/rack/methodoverride.rb:22:in `call'
  rack (1.6.4) lib/rack/runtime.rb:18:in `call'
  activesupport (4.2.3) lib/active_support/cache/strategy/local_cache_middleware.rb:28:in `call'
  rack (1.6.4) lib/rack/lock.rb:17:in `call'
  actionpack (4.2.3) lib/action_dispatch/middleware/static.rb:116:in `call'
  rack (1.6.4) lib/rack/sendfile.rb:113:in `call'
  railties (4.2.3) lib/rails/engine.rb:518:in `call'
  railties (4.2.3) lib/rails/application.rb:165:in `call'
  puma (2.9.1) lib/puma/rack_patch.rb:13:in `call'
  puma (2.9.1) lib/puma/configuration.rb:71:in `call'
  puma (2.9.1) lib/puma/server.rb:490:in `handle_request'
  puma (2.9.1) lib/puma/server.rb:361:in `process_client'
  puma (2.9.1) lib/puma/server.rb:254:in `block in run'
  puma (2.9.1) lib/puma/thread_pool.rb:92:in `call'
  puma (2.9.1) lib/puma/thread_pool.rb:92:in `block in spawn_thread'


  Rendered /var/lib/gems/2.2.0/gems/actionpack-4.2.3/lib/action_dispatch/middleware/templates/rescues/_trace.html.erb (1.4ms)
  Rendered /var/lib/gems/2.2.0/gems/actionpack-4.2.3/lib/action_dispatch/middleware/templates/routes/_route.html.erb (7.0ms)
  Rendered /var/lib/gems/2.2.0/gems/actionpack-4.2.3/lib/action_dispatch/middleware/templates/routes/_table.html.erb (1.5ms)
  Rendered /var/lib/gems/2.2.0/gems/actionpack-4.2.3/lib/action_dispatch/middleware/templates/rescues/_request_and_response.html.erb (1.2ms)
  Rendered /var/lib/gems/2.2.0/gems/actionpack-4.2.3/lib/action_dispatch/middleware/templates/rescues/routing_error.html.erb within rescues/layout (64.4ms)


Started GET "/maps/index" for 127.0.0.1 at 2016-09-18 05:04:00 -0700
Processing by MapsController#index as HTML
  [1m[36mMap Load (5.4ms)[0m  [1mSELECT "maps".* FROM "maps"[0m
  Rendered maps/index.html.erb within layouts/application (6.7ms)
  [1m[35mUser Load (0.2ms)[0m  SELECT  "users".* FROM "users" WHERE "users"."id" = $1 LIMIT 1  [["id", 1]]
Completed 200 OK in 66ms (Views: 59.4ms | ActiveRecord: 5.6ms)


Started GET "/maps/index" for 127.0.0.1 at 2016-09-18 05:04:33 -0700
Processing by MapsController#index as HTML
  [1m[36mMap Load (2.7ms)[0m  [1mSELECT "maps".* FROM "maps"[0m
  Rendered maps/index.html.erb within layouts/application (4.0ms)
  [1m[35mUser Load (13.6ms)[0m  SELECT  "users".* FROM "users" WHERE "users"."id" = $1 LIMIT 1  [["id", 1]]
Completed 200 OK in 67ms (Views: 49.8ms | ActiveRecord: 16.3ms)


Started GET "/maps/index" for 127.0.0.1 at 2016-09-18 05:06:35 -0700
Processing by MapsController#index as HTML
  [1m[36mMap Load (2.3ms)[0m  [1mSELECT "maps".* FROM "maps"[0m
  Rendered maps/index.html.erb within layouts/application (3.0ms)
  [1m[35mUser Load (0.3ms)[0m  SELECT  "users".* FROM "users" WHERE "users"."id" = $1 LIMIT 1  [["id", 1]]
Completed 200 OK in 4791ms (Views: 4788.0ms | ActiveRecord: 2.6ms)


Started GET "/assets/underscore.self-4b328e42c558197d5b99d7727cfcc60bac9763fad660651230e8baf93f6067ed.js?body=1" for 127.0.0.1 at 2016-09-18 05:06:40 -0700


Started GET "/assets/gmaps/base/base.self-205b2646aece1ef0ad3d1ab1105220b23a1835f4d2b2cf3683b6c4feab1b2693.js?body=1" for 127.0.0.1 at 2016-09-18 05:06:40 -0700


Started GET "/assets/gmaps/objects/handler.self-b19f92ae0ca8c58b6f24f45e06aa98cff5f77a1efba0eaeab629379cc473fce5.js?body=1" for 127.0.0.1 at 2016-09-18 05:06:40 -0700


Started GET "/assets/gmaps/objects/null_clusterer.self-c6d6f37e996f50b27bf70e66b8956ee03cd4f3e35ae2e69c7b03e9dff7ea48e3.js?body=1" for 127.0.0.1 at 2016-09-18 05:06:40 -0700


Started GET "/assets/gmaps/google/objects/common.self-4b07ecd5e825fd2ba2793cb0323b0f19636ae2343ad8e8e9fe419152107b8ab4.js?body=1" for 127.0.0.1 at 2016-09-18 05:06:40 -0700


Started GET "/assets/gmaps/objects/builder.self-77682740ac05e1b18efcf955f75aabdc3877aeee1ee4d5d6fddc74f8a08009ea.js?body=1" for 127.0.0.1 at 2016-09-18 05:06:40 -0700


Started GET "/assets/gmaps/google/builders/bound.self-a4998d396e9ef146897fdd9ff05f526d36234c399cb0cf65f8347e16c1c33863.js?body=1" for 127.0.0.1 at 2016-09-18 05:06:40 -0700


Started GET "/assets/gmaps/google/builders/clusterer.self-78c2d7b7d811b732b97566c1ec4c4883126b23e69485c67ffaaa89f421f6cfbf.js?body=1" for 127.0.0.1 at 2016-09-18 05:06:40 -0700


Started GET "/assets/gmaps/google/builders/circle.self-7f0f3f1ff2cc4d7ff56c79a96a561fba6f25e7d735b0142aa88021a8dd0c3178.js?body=1" for 127.0.0.1 at 2016-09-18 05:06:40 -0700


Started GET "/assets/gmaps/google/builders/polygon.self-f797dc2125151025ad0adf55705a7469915042022bbc31e1835ab633105a787d.js?body=1" for 127.0.0.1 at 2016-09-18 05:06:40 -0700


Started GET "/assets/gmaps/google/builders/kml.self-7ea8f553b34ea15392e39152a3ed364ebffc214ef436cb8c8b4b606f89f2be42.js?body=1" for 127.0.0.1 at 2016-09-18 05:06:40 -0700


Started GET "/assets/gmaps/google/builders/marker.self-390c506c065ccae727c1fb72d41e8e7a591c0f73cafcada2e4fb44bc0edd7b81.js?body=1" for 127.0.0.1 at 2016-09-18 05:06:40 -0700


Started GET "/assets/gmaps/google/builders/map.self-76357abeed5be263a8a040eaf90b8f28973a4bcf2058ef662b8742c8d4489cc4.js?body=1" for 127.0.0.1 at 2016-09-18 05:06:40 -0700


Started GET "/assets/gmaps/google/objects/bound.self-88d2cfd1bc563b64e57ca03e392f696baf3cff243f5c0c4605a725ced09f638f.js?body=1" for 127.0.0.1 at 2016-09-18 05:06:40 -0700


Started GET "/assets/gmaps/google/builders/polyline.self-0c3f31b4f4df7bad574b4cc09b7934bf58f7b630316db31093e89147bdac136a.js?body=1" for 127.0.0.1 at 2016-09-18 05:06:40 -0700


Started GET "/assets/gmaps/google/objects/circle.self-93eee349cb5a9206b0522fa0dc1484f215f0530495817fa42379e201c7dc97b5.js?body=1" for 127.0.0.1 at 2016-09-18 05:06:40 -0700


Started GET "/assets/gmaps/google/objects/marker.self-e8da7c3f06e74153af5710e4560b645ca1b9c7348e30b4ffb6d9fa33c4432454.js?body=1" for 127.0.0.1 at 2016-09-18 05:06:40 -0700


Started GET "/assets/gmaps/google/objects/clusterer.self-4f2479016fe0e484ef10477924f1bd0df5103bd5d9fca97dacb1a805369eae1d.js?body=1" for 127.0.0.1 at 2016-09-18 05:06:40 -0700


Started GET "/assets/gmaps/google/objects/map.self-8b0414306a59f8a28d975e3f9ffdf7eac2c60374aca275ff35743a092ae03455.js?body=1" for 127.0.0.1 at 2016-09-18 05:06:40 -0700


Started GET "/assets/gmaps/google/objects/kml.self-d777e063b700ac9bab426e6f056a4874d4aa8cb3da75bc00064da8909045b928.js?body=1" for 127.0.0.1 at 2016-09-18 05:06:40 -0700


Started GET "/assets/gmaps/google/objects/polygon.self-d6365f9424d53ac6cdac3e77a933eed33d940bb598c9b382c4d74b2af54c5475.js?body=1" for 127.0.0.1 at 2016-09-18 05:06:40 -0700


Started GET "/assets/gmaps/google/objects/polyline.self-5419e65e4eb0d4f3868def4eb760c76ce7b21689a359954140580f74e93d98dc.js?body=1" for 127.0.0.1 at 2016-09-18 05:06:40 -0700


Started GET "/assets/gmaps/google/primitives.self-5b8a3a670839d76c06f9877827daa0d739b27f8d6ebd346d7fc6006819755e65.js?body=1" for 127.0.0.1 at 2016-09-18 05:06:40 -0700


Started GET "/assets/gmaps/google.self-877aef30ae1b040ab8a3aba4e3e309a11d7f2612f44dde450b5c157aa5f95c05.js?body=1" for 127.0.0.1 at 2016-09-18 05:06:40 -0700


Started GET "/assets/application.self-f2b5b9cbe9166fcd551c3f4e3faf08edf2de70ef4a8af0731e6113582c1d1e86.js?body=1" for 127.0.0.1 at 2016-09-18 05:06:40 -0700


Started GET "/assets/gmaps/base.self-8dd1d1a22a7ff3bf4faa70885ea5f452367e7249102c52508c66d85ca396ee8b.js?body=1" for 127.0.0.1 at 2016-09-18 05:06:44 -0700
  [1m[36mActiveRecord::SchemaMigration Load (0.4ms)[0m  [1mSELECT "schema_migrations".* FROM "schema_migrations"[0m


Started GET "/assets/gmaps/objects/base_builder.self-2a2088185a25893bbee6bf3da7fde2f1160e33f9903e29e01701ecdf87326e98.js?body=1" for 127.0.0.1 at 2016-09-18 05:06:45 -0700


Started GET "/maps/index" for 127.0.0.1 at 2016-09-18 05:09:06 -0700
Processing by MapsController#index as HTML
  [1m[36mMap Load (0.4ms)[0m  [1mSELECT "maps".* FROM "maps"[0m
  Rendered maps/index.html.erb within layouts/application (2.0ms)
  [1m[35mUser Load (0.3ms)[0m  SELECT  "users".* FROM "users" WHERE "users"."id" = $1 LIMIT 1  [["id", 1]]
Completed 200 OK in 431ms (Views: 429.5ms | ActiveRecord: 0.6ms)


Started GET "/maps/index" for 127.0.0.1 at 2016-09-18 05:10:49 -0700
Processing by MapsController#index as HTML
  [1m[36mMap Load (45.2ms)[0m  [1mSELECT "maps".* FROM "maps"[0m
  Rendered maps/index.html.erb within layouts/application (221.5ms)
  [1m[35mUser Load (27.1ms)[0m  SELECT  "users".* FROM "users" WHERE "users"."id" = $1 LIMIT 1  [["id", 1]]
Completed 200 OK in 1762ms (Views: 1594.7ms | ActiveRecord: 72.3ms)


Started GET "/maps/index" for 127.0.0.1 at 2016-09-18 05:18:02 -0700
  [1m[36mActiveRecord::SchemaMigration Load (1.0ms)[0m  [1mSELECT "schema_migrations".* FROM "schema_migrations"[0m
Processing by MapsController#index as HTML
  [1m[35mMap Load (2.6ms)[0m  SELECT "maps".* FROM "maps"
  Rendered maps/index.html.erb within layouts/application (113.7ms)
  [1m[36mUser Load (22.8ms)[0m  [1mSELECT  "users".* FROM "users" WHERE "users"."id" = $1 LIMIT 1[0m  [["id", 1]]
Completed 200 OK in 1097ms (Views: 985.7ms | ActiveRecord: 83.1ms)


Started GET "/maps/index" for 127.0.0.1 at 2016-09-18 05:18:18 -0700
Processing by MapsController#index as HTML
  [1m[35mMap Load (0.5ms)[0m  SELECT "maps".* FROM "maps"
  Rendered maps/index.html.erb within layouts/application (7.2ms)
  [1m[36mUser Load (0.3ms)[0m  [1mSELECT  "users".* FROM "users" WHERE "users"."id" = $1 LIMIT 1[0m  [["id", 1]]
Completed 200 OK in 156ms (Views: 151.9ms | ActiveRecord: 0.9ms)
